


ARM Macro Assembler    Page 1 


    1 00000000         ;            Computer Architectures - 02LSEOV 02LSEOQ   
                                ;
    2 00000000         ; author:   Paolo BERNARDI - Politecnico di Torino      
                            ;
    3 00000000         ; creation:  11 November 2018         ;
    4 00000000         ; last update:  1 Dicember 2020         ;
    5 00000000         ; functionalities:             ;
    6 00000000         ;  nothing but bringing to the reset handler     ;
    7 00000000         
    8 00000000         ; *------- <<< Use Configuration Wizard in Context Menu 
                       >>> ------------------
    9 00000000         
   10 00000000         ; <h> Stack Configuration
   11 00000000         ;   <o> Stack Size (in Bytes) <0x0-0xFFFFFFFF:8>
   12 00000000         ; </h>
   13 00000000         
   14 00000000 00000200 
                       Stack_Size
                               EQU              0x00000200
   15 00000000         
   16 00000000                 AREA             STACK, NOINIT, READWRITE, ALIGN
=3
   17 00000000                 SPACE            Stack_Size/2
   18 00000100         Stack_Mem
                               SPACE            Stack_Size/2
   19 00000200         __initial_sp
   20 00000200         
   21 00000200         
   22 00000200         
   23 00000200         
   24 00000200         ; <h> Heap Configuration
   25 00000200         ;   <o>  Heap Size (in Bytes) <0x0-0xFFFFFFFF:8>
   26 00000200         ; </h>
   27 00000200         
   28 00000200 00000200 
                       Heap_Size
                               EQU              0x00000200
   29 00000200         
   30 00000200                 AREA             HEAP, NOINIT, READWRITE, ALIGN=
3
   31 00000000         __heap_base
   32 00000000         SQResult
   33 00000000         Heap_Mem
                               SPACE            Heap_Size
   34 00000200         __heap_limit
   35 00000200         
   36 00000200         
   37 00000200                 PRESERVE8
   38 00000200                 THUMB
   39 00000200         
   40 00000200         
   41 00000200         ; Vector Table Mapped to Address 0 at Reset
   42 00000200         
   43 00000200                 AREA             RESET, DATA, READONLY
   44 00000000                 EXPORT           __Vectors
   45 00000000         ; 0x10000200
   46 00000000 00000000 
                       __Vectors
                               DCD              __initial_sp ; Top of Stack



ARM Macro Assembler    Page 2 


   47 00000004 00000000        DCD              Reset_Handler ; Reset Handler
   48 00000008 00000000        DCD              NMI_Handler ; NMI Handler
   49 0000000C 00000000        DCD              HardFault_Handler ; Hard Fault 
                                                            Handler
   50 00000010 00000000        DCD              MemManage_Handler 
                                                            ; MPU Fault Handler
                                                            
   51 00000014 00000000        DCD              BusFault_Handler 
                                                            ; Bus Fault Handler
                                                            
   52 00000018 00000000        DCD              UsageFault_Handler ; Usage Faul
                                                            t Handler
   53 0000001C 00000000        DCD              0           ; Reserved
   54 00000020 00000000        DCD              0           ; Reserved
   55 00000024 00000000        DCD              0           ; Reserved
   56 00000028 00000000        DCD              0           ; Reserved
   57 0000002C 00000000        DCD              SVC_Handler ; SVCall Handler
   58 00000030 00000000        DCD              DebugMon_Handler ; Debug Monito
                                                            r Handler
   59 00000034 00000000        DCD              0           ; Reserved
   60 00000038 00000000        DCD              PendSV_Handler ; PendSV Handler
                                                            
   61 0000003C 00000000        DCD              SysTick_Handler 
                                                            ; SysTick Handler
   62 00000040         
   63 00000040         ; External Interrupts
   64 00000040 00000000        DCD              WDT_IRQHandler ; 16: Watchdog T
                                                            imer
   65 00000044 00000000        DCD              TIMER0_IRQHandler ; 17: Timer0
   66 00000048 00000000        DCD              TIMER1_IRQHandler ; 18: Timer1
   67 0000004C 00000000        DCD              TIMER2_IRQHandler ; 19: Timer2
   68 00000050 00000000        DCD              TIMER3_IRQHandler ; 20: Timer3
   69 00000054 00000000        DCD              UART0_IRQHandler ; 21: UART0
   70 00000058 00000000        DCD              UART1_IRQHandler ; 22: UART1
   71 0000005C 00000000        DCD              UART2_IRQHandler ; 23: UART2
   72 00000060 00000000        DCD              UART3_IRQHandler ; 24: UART3
   73 00000064 00000000        DCD              PWM1_IRQHandler ; 25: PWM1
   74 00000068 00000000        DCD              I2C0_IRQHandler ; 26: I2C0
   75 0000006C 00000000        DCD              I2C1_IRQHandler ; 27: I2C1
   76 00000070 00000000        DCD              I2C2_IRQHandler ; 28: I2C2
   77 00000074 00000000        DCD              SPI_IRQHandler ; 29: SPI
   78 00000078 00000000        DCD              SSP0_IRQHandler ; 30: SSP0
   79 0000007C 00000000        DCD              SSP1_IRQHandler ; 31: SSP1
   80 00000080 00000000        DCD              PLL0_IRQHandler ; 32: PLL0 Lock
                                                             (Main PLL)
   81 00000084 00000000        DCD              RTC_IRQHandler ; 33: Real Time 
                                                            Clock
   82 00000088 00000000        DCD              EINT0_IRQHandler ; 34: External
                                                             Interrupt 0
   83 0000008C 00000000        DCD              EINT1_IRQHandler ; 35: External
                                                             Interrupt 1
   84 00000090 00000000        DCD              EINT2_IRQHandler ; 36: External
                                                             Interrupt 2
   85 00000094 00000000        DCD              EINT3_IRQHandler ; 37: External
                                                             Interrupt 3
   86 00000098 00000000        DCD              ADC_IRQHandler 
                                                            ; 38: A/D Converter
                                                            
   87 0000009C 00000000        DCD              BOD_IRQHandler ; 39: Brown-Out 



ARM Macro Assembler    Page 3 


                                                            Detect
   88 000000A0 00000000        DCD              USB_IRQHandler ; 40: USB
   89 000000A4 00000000        DCD              CAN_IRQHandler ; 41: CAN
   90 000000A8 00000000        DCD              DMA_IRQHandler ; 42: General Pu
                                                            rpose DMA
   91 000000AC 00000000        DCD              I2S_IRQHandler ; 43: I2S
   92 000000B0 00000000        DCD              ENET_IRQHandler ; 44: Ethernet
   93 000000B4 00000000        DCD              RIT_IRQHandler ; 45: Repetitive
                                                             Interrupt Timer
   94 000000B8 00000000        DCD              MCPWM_IRQHandler ; 46: Motor Co
                                                            ntrol PWM
   95 000000BC 00000000        DCD              QEI_IRQHandler ; 47: Quadrature
                                                             Encoder Interface
   96 000000C0 00000000        DCD              PLL1_IRQHandler ; 48: PLL1 Lock
                                                             (USB PLL)
   97 000000C4 00000000        DCD              USBActivity_IRQHandler ; 49: US
                                                            B Activity interrup
                                                            t to wakeup
   98 000000C8 00000000        DCD              CANActivity_IRQHandler ; 50: CA
                                                            N Activity interrup
                                                            t to wakeup
   99 000000CC         
  100 000000CC         
  101 000000CC                 IF               :LNOT::DEF:NO_CRP
  102 000000CC                 AREA             |.ARM.__at_0x02FC|, CODE, READO
NLY
  103 00000000 FFFFFFFF 
                       CRP_Key DCD              0xFFFFFFFF
  104 00000004                 ENDIF
  105 00000004         
  106 00000004         
  107 00000004                 AREA             |.text|, CODE, READONLY
  108 00000000         
  109 00000000         
  110 00000000         ; Reset Handler
  111 00000000         
  112 00000000         Reset_Handler
                               PROC
  113 00000000                 EXPORT           Reset_Handler             [WEAK
]
  114 00000000         
  115 00000000         ; your code here
  116 00000000         
  117 00000000 F04F 0003       MOV              R0, #3
  118 00000004 F380 8814       MSR              CONTROL, R0
  119 00000008 F8DF D074       LDR              SP, =Stack_Mem
  120 0000000C 491D            LDR              R1, =SQResult
  121 0000000E         
  122 0000000E F04F 0008       MOV              R0, #8      ;x value
  123 00000012 DF01            SVC              0x01        ;change to change f
                                                            unc
  124 00000014 BC04            POP              {R2}
  125 00000016 600A            STR              R2, [R1]
  126 00000018         
  127 00000018 E7FE    InfLoop B                InfLoop
  128 0000001A                 ENDP
  129 0000001A         
  130 0000001A         
  131 0000001A         ; Dummy Exception Handlers (infinite loops which can be 



ARM Macro Assembler    Page 4 


                       modified)
  132 0000001A         
  133 0000001A         NMI_Handler
                               PROC
  134 0000001A                 EXPORT           NMI_Handler               [WEAK
]
  135 0000001A E7FE            B                .
  136 0000001C                 ENDP
  138 0000001C         HardFault_Handler
                               PROC
  139 0000001C                 EXPORT           HardFault_Handler         [WEAK
]
  140 0000001C E7FE            B                .
  141 0000001E                 ENDP
  143 0000001E         MemManage_Handler
                               PROC
  144 0000001E                 EXPORT           MemManage_Handler         [WEAK
]
  145 0000001E E7FE            B                .
  146 00000020                 ENDP
  148 00000020         BusFault_Handler
                               PROC
  149 00000020                 EXPORT           BusFault_Handler          [WEAK
]
  150 00000020 E7FE            B                .
  151 00000022                 ENDP
  153 00000022         UsageFault_Handler
                               PROC
  154 00000022                 EXPORT           UsageFault_Handler        [WEAK
]
  155 00000022 E7FE            B                .
  156 00000024                 ENDP
  157 00000024         SVC_Handler
                               PROC
  158 00000024                 EXPORT           SVC_Handler               [WEAK
]
  159 00000024         
  160 00000024 E92D 5FFF       STMFD            SP!, {R0-R12, LR}
  161 00000028 F3EF 8109       MRS              R1, psp
  162 0000002C 698A            LDR              R2, [R1, #24] ;get the PC from 
                                                            the stack
  163 0000002E F852 2C04       LDR              R2, [R2,#-4] ;get the SVC instr
                                                            uction (PC was alre
                                                            ady +4ed when this 
                                                            launched)
  164 00000032 F022 427F       BIC              R2, #0xFF000000 ;get the value 
                                                            of the SVC
  165 00000036 EA4F 4212       LSR              R2, #16     ;shift it to be nic
                                                            e and clean
  166 0000003A         
  167 0000003A         ; your code here    
  168 0000003A 2A00            CMP              R2, #0
  169 0000003C BF04 FB00 
              F300             MULEQ            R3, R0, R0
  170 00000042 620B            STREQ            R3, [R1, #32]
  171 00000044 D014            BEQ              uscita
  172 00000046 BFB8 BF00       NOPLT
  173 0000004A DB11            BLT              uscita
  174 0000004C         



ARM Macro Assembler    Page 5 


  175 0000004C F04F 0300       MOV              R3, #0
  176 00000050 2A01    loop    CMP              R2, #1
  177 00000052 BFC8 BF00       NOPGT
  178 00000056 DC0B            BGT              uscita
  179 00000058 BF01 461C       MOVEQ            R4, R3
  180 0000005C 1C5B            ADDEQ            R3, R3, #1
  181 0000005E FB03 F503       MULEQ            R5, R3, R3
  182 00000062 4285            CMPEQ            R5, R0
  183 00000064 BF08 620B       STREQ            R3, [R1, #32]
  184 00000068 D002            BEQ              uscita
  185 0000006A DBF1            BLT              loop
  186 0000006C BFC8 620C       STRGT            R4, [R1, #32]
  187 00000070         
  188 00000070 E8BD 5FFF 
                       uscita  LDMFD            SP!, {R0-R12, LR}
  189 00000074 4770            BX               LR
  190 00000076         
  191 00000076                 ENDP
  193 00000076         DebugMon_Handler
                               PROC
  194 00000076                 EXPORT           DebugMon_Handler          [WEAK
]
  195 00000076 E7FE            B                .
  196 00000078                 ENDP
  197 00000078         PendSV_Handler
                               PROC
  198 00000078                 EXPORT           PendSV_Handler            [WEAK
]
  199 00000078 E7FE            B                .
  200 0000007A                 ENDP
  201 0000007A         SysTick_Handler
                               PROC
  202 0000007A                 EXPORT           SysTick_Handler           [WEAK
]
  203 0000007A E7FE            B                .
  204 0000007C                 ENDP
  205 0000007C         
  206 0000007C         Default_Handler
                               PROC
  207 0000007C         
  208 0000007C                 EXPORT           WDT_IRQHandler            [WEAK
]
  209 0000007C                 EXPORT           TIMER0_IRQHandler         [WEAK
]
  210 0000007C                 EXPORT           TIMER1_IRQHandler         [WEAK
]
  211 0000007C                 EXPORT           TIMER2_IRQHandler         [WEAK
]
  212 0000007C                 EXPORT           TIMER3_IRQHandler         [WEAK
]
  213 0000007C                 EXPORT           UART0_IRQHandler          [WEAK
]
  214 0000007C                 EXPORT           UART1_IRQHandler          [WEAK
]
  215 0000007C                 EXPORT           UART2_IRQHandler          [WEAK
]
  216 0000007C                 EXPORT           UART3_IRQHandler          [WEAK
]
  217 0000007C                 EXPORT           PWM1_IRQHandler           [WEAK



ARM Macro Assembler    Page 6 


]
  218 0000007C                 EXPORT           I2C0_IRQHandler           [WEAK
]
  219 0000007C                 EXPORT           I2C1_IRQHandler           [WEAK
]
  220 0000007C                 EXPORT           I2C2_IRQHandler           [WEAK
]
  221 0000007C                 EXPORT           SPI_IRQHandler            [WEAK
]
  222 0000007C                 EXPORT           SSP0_IRQHandler           [WEAK
]
  223 0000007C                 EXPORT           SSP1_IRQHandler           [WEAK
]
  224 0000007C                 EXPORT           PLL0_IRQHandler           [WEAK
]
  225 0000007C                 EXPORT           RTC_IRQHandler            [WEAK
]
  226 0000007C                 EXPORT           EINT0_IRQHandler          [WEAK
]
  227 0000007C                 EXPORT           EINT1_IRQHandler          [WEAK
]
  228 0000007C                 EXPORT           EINT2_IRQHandler          [WEAK
]
  229 0000007C                 EXPORT           EINT3_IRQHandler          [WEAK
]
  230 0000007C                 EXPORT           ADC_IRQHandler            [WEAK
]
  231 0000007C                 EXPORT           BOD_IRQHandler            [WEAK
]
  232 0000007C                 EXPORT           USB_IRQHandler            [WEAK
]
  233 0000007C                 EXPORT           CAN_IRQHandler            [WEAK
]
  234 0000007C                 EXPORT           DMA_IRQHandler            [WEAK
]
  235 0000007C                 EXPORT           I2S_IRQHandler            [WEAK
]
  236 0000007C                 EXPORT           ENET_IRQHandler           [WEAK
]
  237 0000007C                 EXPORT           RIT_IRQHandler            [WEAK
]
  238 0000007C                 EXPORT           MCPWM_IRQHandler          [WEAK
]
  239 0000007C                 EXPORT           QEI_IRQHandler            [WEAK
]
  240 0000007C                 EXPORT           PLL1_IRQHandler           [WEAK
]
  241 0000007C                 EXPORT           USBActivity_IRQHandler    [WEAK
]
  242 0000007C                 EXPORT           CANActivity_IRQHandler    [WEAK
]
  243 0000007C         
  244 0000007C         WDT_IRQHandler
  245 0000007C         TIMER0_IRQHandler
  246 0000007C         TIMER1_IRQHandler
  247 0000007C         TIMER2_IRQHandler
  248 0000007C         TIMER3_IRQHandler
  249 0000007C         UART0_IRQHandler
  250 0000007C         UART1_IRQHandler



ARM Macro Assembler    Page 7 


  251 0000007C         UART2_IRQHandler
  252 0000007C         UART3_IRQHandler
  253 0000007C         PWM1_IRQHandler
  254 0000007C         I2C0_IRQHandler
  255 0000007C         I2C1_IRQHandler
  256 0000007C         I2C2_IRQHandler
  257 0000007C         SPI_IRQHandler
  258 0000007C         SSP0_IRQHandler
  259 0000007C         SSP1_IRQHandler
  260 0000007C         PLL0_IRQHandler
  261 0000007C         RTC_IRQHandler
  262 0000007C         EINT0_IRQHandler
  263 0000007C         EINT1_IRQHandler
  264 0000007C         EINT2_IRQHandler
  265 0000007C         EINT3_IRQHandler
  266 0000007C         ADC_IRQHandler
  267 0000007C         BOD_IRQHandler
  268 0000007C         USB_IRQHandler
  269 0000007C         CAN_IRQHandler
  270 0000007C         DMA_IRQHandler
  271 0000007C         I2S_IRQHandler
  272 0000007C         ENET_IRQHandler
  273 0000007C         RIT_IRQHandler
  274 0000007C         MCPWM_IRQHandler
  275 0000007C         QEI_IRQHandler
  276 0000007C         PLL1_IRQHandler
  277 0000007C         USBActivity_IRQHandler
  278 0000007C         CANActivity_IRQHandler
  279 0000007C         
  280 0000007C E7FE            B                .
  281 0000007E         
  282 0000007E                 ENDP
  283 0000007E         
  284 0000007E         
  285 0000007E 00 00           ALIGN
  286 00000080         
  287 00000080         
  288 00000080         ; User Initial Stack & Heap
  289 00000080         
  290 00000080                 EXPORT           __initial_sp
  291 00000080                 EXPORT           __heap_base
  292 00000080                 EXPORT           __heap_limit
  293 00000080         
  294 00000080                 END
              00000000 
              00000000 
Command Line: --debug --xref --diag_suppress=9931 --cpu=Cortex-M3 --apcs=interw
ork --depend=.\template.d -o.\template.o -I.\RTE\_Target_1 -IC:\Users\simos\App
Data\Local\Arm\Packs\ARM\CMSIS\5.8.0\CMSIS\Core\Include -IC:\Users\simos\AppDat
a\Local\Arm\Packs\Keil\LPC1700_DFP\2.6.0\Device\Include --predefine="__EVAL SET
A 1" --predefine="__UVISION_VERSION SETA 536" --predefine="_RTE_ SETA 1" --pred
efine="LPC175x_6x SETA 1" --predefine="_RTE_ SETA 1" --list=.\template.lst temp
late.s



ARM Macro Assembler    Page 1 Alphabetic symbol ordering
Relocatable symbols

STACK 00000000

Symbol: STACK
   Definitions
      At line 16 in file template.s
   Uses
      None
Comment: STACK unused
Stack_Mem 00000100

Symbol: Stack_Mem
   Definitions
      At line 18 in file template.s
   Uses
      At line 119 in file template.s
Comment: Stack_Mem used once
__initial_sp 00000200

Symbol: __initial_sp
   Definitions
      At line 19 in file template.s
   Uses
      At line 46 in file template.s
      At line 290 in file template.s

3 symbols



ARM Macro Assembler    Page 1 Alphabetic symbol ordering
Relocatable symbols

HEAP 00000000

Symbol: HEAP
   Definitions
      At line 30 in file template.s
   Uses
      None
Comment: HEAP unused
Heap_Mem 00000000

Symbol: Heap_Mem
   Definitions
      At line 33 in file template.s
   Uses
      None
Comment: Heap_Mem unused
SQResult 00000000

Symbol: SQResult
   Definitions
      At line 32 in file template.s
   Uses
      At line 120 in file template.s
Comment: SQResult used once
__heap_base 00000000

Symbol: __heap_base
   Definitions
      At line 31 in file template.s
   Uses
      At line 291 in file template.s
Comment: __heap_base used once
__heap_limit 00000200

Symbol: __heap_limit
   Definitions
      At line 34 in file template.s
   Uses
      At line 292 in file template.s
Comment: __heap_limit used once
5 symbols



ARM Macro Assembler    Page 1 Alphabetic symbol ordering
Relocatable symbols

RESET 00000000

Symbol: RESET
   Definitions
      At line 43 in file template.s
   Uses
      None
Comment: RESET unused
__Vectors 00000000

Symbol: __Vectors
   Definitions
      At line 46 in file template.s
   Uses
      At line 44 in file template.s
Comment: __Vectors used once
2 symbols



ARM Macro Assembler    Page 1 Alphabetic symbol ordering
Relocatable symbols

.ARM.__at_0x02FC 00000000

Symbol: .ARM.__at_0x02FC
   Definitions
      At line 102 in file template.s
   Uses
      None
Comment: .ARM.__at_0x02FC unused
CRP_Key 00000000

Symbol: CRP_Key
   Definitions
      At line 103 in file template.s
   Uses
      None
Comment: CRP_Key unused
2 symbols



ARM Macro Assembler    Page 1 Alphabetic symbol ordering
Relocatable symbols

.text 00000000

Symbol: .text
   Definitions
      At line 107 in file template.s
   Uses
      None
Comment: .text unused
ADC_IRQHandler 0000007C

Symbol: ADC_IRQHandler
   Definitions
      At line 266 in file template.s
   Uses
      At line 86 in file template.s
      At line 230 in file template.s

BOD_IRQHandler 0000007C

Symbol: BOD_IRQHandler
   Definitions
      At line 267 in file template.s
   Uses
      At line 87 in file template.s
      At line 231 in file template.s

BusFault_Handler 00000020

Symbol: BusFault_Handler
   Definitions
      At line 148 in file template.s
   Uses
      At line 51 in file template.s
      At line 149 in file template.s

CANActivity_IRQHandler 0000007C

Symbol: CANActivity_IRQHandler
   Definitions
      At line 278 in file template.s
   Uses
      At line 98 in file template.s
      At line 242 in file template.s

CAN_IRQHandler 0000007C

Symbol: CAN_IRQHandler
   Definitions
      At line 269 in file template.s
   Uses
      At line 89 in file template.s
      At line 233 in file template.s

DMA_IRQHandler 0000007C

Symbol: DMA_IRQHandler
   Definitions
      At line 270 in file template.s
   Uses



ARM Macro Assembler    Page 2 Alphabetic symbol ordering
Relocatable symbols

      At line 90 in file template.s
      At line 234 in file template.s

DebugMon_Handler 00000076

Symbol: DebugMon_Handler
   Definitions
      At line 193 in file template.s
   Uses
      At line 58 in file template.s
      At line 194 in file template.s

Default_Handler 0000007C

Symbol: Default_Handler
   Definitions
      At line 206 in file template.s
   Uses
      None
Comment: Default_Handler unused
EINT0_IRQHandler 0000007C

Symbol: EINT0_IRQHandler
   Definitions
      At line 262 in file template.s
   Uses
      At line 82 in file template.s
      At line 226 in file template.s

EINT1_IRQHandler 0000007C

Symbol: EINT1_IRQHandler
   Definitions
      At line 263 in file template.s
   Uses
      At line 83 in file template.s
      At line 227 in file template.s

EINT2_IRQHandler 0000007C

Symbol: EINT2_IRQHandler
   Definitions
      At line 264 in file template.s
   Uses
      At line 84 in file template.s
      At line 228 in file template.s

EINT3_IRQHandler 0000007C

Symbol: EINT3_IRQHandler
   Definitions
      At line 265 in file template.s
   Uses
      At line 85 in file template.s
      At line 229 in file template.s

ENET_IRQHandler 0000007C

Symbol: ENET_IRQHandler



ARM Macro Assembler    Page 3 Alphabetic symbol ordering
Relocatable symbols

   Definitions
      At line 272 in file template.s
   Uses
      At line 92 in file template.s
      At line 236 in file template.s

HardFault_Handler 0000001C

Symbol: HardFault_Handler
   Definitions
      At line 138 in file template.s
   Uses
      At line 49 in file template.s
      At line 139 in file template.s

I2C0_IRQHandler 0000007C

Symbol: I2C0_IRQHandler
   Definitions
      At line 254 in file template.s
   Uses
      At line 74 in file template.s
      At line 218 in file template.s

I2C1_IRQHandler 0000007C

Symbol: I2C1_IRQHandler
   Definitions
      At line 255 in file template.s
   Uses
      At line 75 in file template.s
      At line 219 in file template.s

I2C2_IRQHandler 0000007C

Symbol: I2C2_IRQHandler
   Definitions
      At line 256 in file template.s
   Uses
      At line 76 in file template.s
      At line 220 in file template.s

I2S_IRQHandler 0000007C

Symbol: I2S_IRQHandler
   Definitions
      At line 271 in file template.s
   Uses
      At line 91 in file template.s
      At line 235 in file template.s

InfLoop 00000018

Symbol: InfLoop
   Definitions
      At line 127 in file template.s
   Uses
      At line 127 in file template.s
Comment: InfLoop used once



ARM Macro Assembler    Page 4 Alphabetic symbol ordering
Relocatable symbols

MCPWM_IRQHandler 0000007C

Symbol: MCPWM_IRQHandler
   Definitions
      At line 274 in file template.s
   Uses
      At line 94 in file template.s
      At line 238 in file template.s

MemManage_Handler 0000001E

Symbol: MemManage_Handler
   Definitions
      At line 143 in file template.s
   Uses
      At line 50 in file template.s
      At line 144 in file template.s

NMI_Handler 0000001A

Symbol: NMI_Handler
   Definitions
      At line 133 in file template.s
   Uses
      At line 48 in file template.s
      At line 134 in file template.s

PLL0_IRQHandler 0000007C

Symbol: PLL0_IRQHandler
   Definitions
      At line 260 in file template.s
   Uses
      At line 80 in file template.s
      At line 224 in file template.s

PLL1_IRQHandler 0000007C

Symbol: PLL1_IRQHandler
   Definitions
      At line 276 in file template.s
   Uses
      At line 96 in file template.s
      At line 240 in file template.s

PWM1_IRQHandler 0000007C

Symbol: PWM1_IRQHandler
   Definitions
      At line 253 in file template.s
   Uses
      At line 73 in file template.s
      At line 217 in file template.s

PendSV_Handler 00000078

Symbol: PendSV_Handler
   Definitions
      At line 197 in file template.s



ARM Macro Assembler    Page 5 Alphabetic symbol ordering
Relocatable symbols

   Uses
      At line 60 in file template.s
      At line 198 in file template.s

QEI_IRQHandler 0000007C

Symbol: QEI_IRQHandler
   Definitions
      At line 275 in file template.s
   Uses
      At line 95 in file template.s
      At line 239 in file template.s

RIT_IRQHandler 0000007C

Symbol: RIT_IRQHandler
   Definitions
      At line 273 in file template.s
   Uses
      At line 93 in file template.s
      At line 237 in file template.s

RTC_IRQHandler 0000007C

Symbol: RTC_IRQHandler
   Definitions
      At line 261 in file template.s
   Uses
      At line 81 in file template.s
      At line 225 in file template.s

Reset_Handler 00000000

Symbol: Reset_Handler
   Definitions
      At line 112 in file template.s
   Uses
      At line 47 in file template.s
      At line 113 in file template.s

SPI_IRQHandler 0000007C

Symbol: SPI_IRQHandler
   Definitions
      At line 257 in file template.s
   Uses
      At line 77 in file template.s
      At line 221 in file template.s

SSP0_IRQHandler 0000007C

Symbol: SSP0_IRQHandler
   Definitions
      At line 258 in file template.s
   Uses
      At line 78 in file template.s
      At line 222 in file template.s

SSP1_IRQHandler 0000007C



ARM Macro Assembler    Page 6 Alphabetic symbol ordering
Relocatable symbols


Symbol: SSP1_IRQHandler
   Definitions
      At line 259 in file template.s
   Uses
      At line 79 in file template.s
      At line 223 in file template.s

SVC_Handler 00000024

Symbol: SVC_Handler
   Definitions
      At line 157 in file template.s
   Uses
      At line 57 in file template.s
      At line 158 in file template.s

SysTick_Handler 0000007A

Symbol: SysTick_Handler
   Definitions
      At line 201 in file template.s
   Uses
      At line 61 in file template.s
      At line 202 in file template.s

TIMER0_IRQHandler 0000007C

Symbol: TIMER0_IRQHandler
   Definitions
      At line 245 in file template.s
   Uses
      At line 65 in file template.s
      At line 209 in file template.s

TIMER1_IRQHandler 0000007C

Symbol: TIMER1_IRQHandler
   Definitions
      At line 246 in file template.s
   Uses
      At line 66 in file template.s
      At line 210 in file template.s

TIMER2_IRQHandler 0000007C

Symbol: TIMER2_IRQHandler
   Definitions
      At line 247 in file template.s
   Uses
      At line 67 in file template.s
      At line 211 in file template.s

TIMER3_IRQHandler 0000007C

Symbol: TIMER3_IRQHandler
   Definitions
      At line 248 in file template.s
   Uses



ARM Macro Assembler    Page 7 Alphabetic symbol ordering
Relocatable symbols

      At line 68 in file template.s
      At line 212 in file template.s

UART0_IRQHandler 0000007C

Symbol: UART0_IRQHandler
   Definitions
      At line 249 in file template.s
   Uses
      At line 69 in file template.s
      At line 213 in file template.s

UART1_IRQHandler 0000007C

Symbol: UART1_IRQHandler
   Definitions
      At line 250 in file template.s
   Uses
      At line 70 in file template.s
      At line 214 in file template.s

UART2_IRQHandler 0000007C

Symbol: UART2_IRQHandler
   Definitions
      At line 251 in file template.s
   Uses
      At line 71 in file template.s
      At line 215 in file template.s

UART3_IRQHandler 0000007C

Symbol: UART3_IRQHandler
   Definitions
      At line 252 in file template.s
   Uses
      At line 72 in file template.s
      At line 216 in file template.s

USBActivity_IRQHandler 0000007C

Symbol: USBActivity_IRQHandler
   Definitions
      At line 277 in file template.s
   Uses
      At line 97 in file template.s
      At line 241 in file template.s

USB_IRQHandler 0000007C

Symbol: USB_IRQHandler
   Definitions
      At line 268 in file template.s
   Uses
      At line 88 in file template.s
      At line 232 in file template.s

UsageFault_Handler 00000022




ARM Macro Assembler    Page 8 Alphabetic symbol ordering
Relocatable symbols

Symbol: UsageFault_Handler
   Definitions
      At line 153 in file template.s
   Uses
      At line 52 in file template.s
      At line 154 in file template.s

WDT_IRQHandler 0000007C

Symbol: WDT_IRQHandler
   Definitions
      At line 244 in file template.s
   Uses
      At line 64 in file template.s
      At line 208 in file template.s

loop 00000050

Symbol: loop
   Definitions
      At line 176 in file template.s
   Uses
      At line 185 in file template.s
Comment: loop used once
uscita 00000070

Symbol: uscita
   Definitions
      At line 188 in file template.s
   Uses
      At line 171 in file template.s
      At line 173 in file template.s
      At line 178 in file template.s
      At line 184 in file template.s

50 symbols



ARM Macro Assembler    Page 1 Alphabetic symbol ordering
Absolute symbols

Heap_Size 00000200

Symbol: Heap_Size
   Definitions
      At line 28 in file template.s
   Uses
      At line 33 in file template.s
Comment: Heap_Size used once
Stack_Size 00000200

Symbol: Stack_Size
   Definitions
      At line 14 in file template.s
   Uses
      At line 17 in file template.s
      At line 18 in file template.s

2 symbols
402 symbols in table
